<?xml version="1.0" encoding="UTF-8"?>
<!-- Generated by org.testng.reporters.JUnitXMLReporter -->
<testsuite ignored="0" hostname="LAPTOP-OSSH23AN" failures="1" tests="2" name="TestNG Test" time="0.056" errors="0" timestamp="2024-12-13T18:28:21 IST">
  <testcase classname="completeTestNG_Tutorial_1.Design_TestNG_xml_to_Run_TestCases_6" name="test1" time="0.007"/>
  <testcase classname="completeTestNG_Tutorial_1.Design_TestNG_xml_to_Run_TestCases_6" name="test2" time="0.009">
    <failure type="java.lang.AssertionError" message="expected [true] but found [false]">
      <![CDATA[java.lang.AssertionError: expected [true] but found [false]
at completeTestNG_Tutorial_1.Design_TestNG_xml_to_Run_TestCases_6.test2(Design_TestNG_xml_to_Run_TestCases_6.java:20)
at java.base/java.util.ArrayList.forEach(ArrayList.java:1511)
... Removed 31 stack frames]]>
    </failure>
  </testcase> <!-- test2 -->
</testsuite> <!-- TestNG Test -->
