<?xml version="1.0" encoding="UTF-8"?>
<!-- Generated by org.testng.reporters.JUnitXMLReporter -->
<testsuite ignored="0" hostname="LAPTOP-OSSH23AN" failures="0" tests="3" name="Retry Test" time="0.077" errors="0" timestamp="2024-12-14T14:54:56 IST">
  <testcase classname="completeTestNG_Tutorial_1.RetryTest_11" name="test1" time="0.018">
    <skipped/>
  </testcase> <!-- test1 -->
  <testcase classname="completeTestNG_Tutorial_1.RetryTest_11" name="test1" time="0.002">
    <skipped/>
  </testcase> <!-- test1 -->
  <testcase classname="completeTestNG_Tutorial_1.RetryTest_11" name="test1" time="0.001"/>
</testsuite> <!-- Retry Test -->
