<?xml version="1.0" encoding="UTF-8"?>
<!-- Generated by org.testng.reporters.JUnitXMLReporter -->
<testsuite ignored="0" hostname="LAPTOP-OSSH23AN" failures="0" tests="7" name="Parameters Test" time="0.091" errors="0" timestamp="2024-12-14T02:02:56 IST">
  <testcase classname="completeTestNG_Tutorial_1.Listener_TestClass_10" name="test1" time="0.008"/>
  <testcase classname="completeTestNG_Tutorial_1.Listener_TestClass_10" name="test2" time="0.001">
    <skipped/>
  </testcase> <!-- test2 -->
  <testcase classname="completeTestNG_Tutorial_1.Listener_TestClass_10" name="test3" time="0.011"/>
  <testcase classname="completeTestNG_Tutorial_1.Listener_TestClass_10" name="test3" time="0.002"/>
  <testcase classname="completeTestNG_Tutorial_1.Listener_TestClass_10" name="test3" time="0.002"/>
  <testcase classname="completeTestNG_Tutorial_1.Listener_TestClass_10" name="test3" time="0.001"/>
  <testcase classname="completeTestNG_Tutorial_1.Listener_TestClass_10" name="test3" time="0.003"/>
</testsuite> <!-- Parameters Test -->
