<?xml version="1.0" encoding="UTF-8"?>
<testng-results ignored="0" total="1" passed="1" failed="0" skipped="0">
  <reporter-output>
  </reporter-output>
  <suite started-at="2025-01-05T20:34:26 IST" name="Default suite" finished-at="2025-01-05T20:34:41 IST" duration-ms="15298">
    <groups>
    </groups>
    <test started-at="2025-01-05T20:34:26 IST" name="Default test" finished-at="2025-01-05T20:34:41 IST" duration-ms="15298">
      <class name="Selenium_Scripting_6.Edit_Lead_Information_in_V_tiger_8">
        <test-method signature="verifyRecord()[pri:0, instance:Selenium_Scripting_6.Edit_Lead_Information_in_V_tiger_8@1ca3b418]" started-at="2025-01-05T20:34:26 IST" name="verifyRecord" finished-at="2025-01-05T20:34:41 IST" duration-ms="15211" status="PASS">
          <reporter-output>
          </reporter-output>
        </test-method> <!-- verifyRecord -->
      </class> <!-- Selenium_Scripting_6.Edit_Lead_Information_in_V_tiger_8 -->
    </test> <!-- Default test -->
  </suite> <!-- Default suite -->
</testng-results>
