<?xml version="1.0" encoding="UTF-8"?>
<!-- Generated by org.testng.reporters.JUnitXMLReporter -->
<testsuite ignored="0" hostname="LAPTOP-OSSH23AN" failures="0" tests="7" name="Listeners Test" time="0.089" errors="0" timestamp="2024-12-14T02:07:08 IST">
  <testcase classname="completeTestNG_Tutorial_1.Listener_TestClass_10" name="test1" time="0.007"/>
  <testcase classname="completeTestNG_Tutorial_1.Listener_TestClass_10" name="test2" time="0.002">
    <skipped/>
  </testcase> <!-- test2 -->
  <testcase classname="completeTestNG_Tutorial_1.Listener_TestClass_10" name="test3" time="0.01"/>
  <testcase classname="completeTestNG_Tutorial_1.Listener_TestClass_10" name="test3" time="0.002"/>
  <testcase classname="completeTestNG_Tutorial_1.Listener_TestClass_10" name="test3" time="0.001"/>
  <testcase classname="completeTestNG_Tutorial_1.Listener_TestClass_10" name="test3" time="0.001"/>
  <testcase classname="completeTestNG_Tutorial_1.Listener_TestClass_10" name="test3" time="0.003"/>
</testsuite> <!-- Listeners Test -->
